1745437127141:help
1745437137497:hello
1745437142226:hello --name World
1745437150795:hello --name ASD
1745439977156:cls
1745439983543:hello --name mo
1745520801424:hello
1745520807389:hello js
1745520857558:cls
1745523891026:menu
1745523901112:1
1745524064009:menu
1745524065075:1
1745524067333:s
1745524143146:screen1-action
1745524145543:menu
1745524146807:1
1745524150265:screen1-action
1745525763280:menu
1745525764728:1
1745525766516:asd
1745525796951:menu
1745525798202:1
1745525805551:screen1-action
1745525820930:f
1745526448020:menu
1745526466964:1
1745527058955:start
1745527060752:1
1745527064189:s
1745527312254:start
1745527313349:1
1745527315546:??????
1745527345873:start
1745527346551:1
1745527348828:??????
1745527609776:1
1745529422951:start
1745529423985:1
1745529425958:??????
1745529436352:1
1745529451028:Joe
1745529701425:start
1745529702343:1
1745529704755:joe
1745537165697:home
1745537166966:start
1745537168094:1
1745537169714:joe
1745537217682:1
1745537221037:ooo
1745537337152:1
1745537353904:home
1745537354829:start
1745537355700:1
1745537357793:poe
1745537364584:1
1745537500458:start
1745537501362:1
1745537503190:pe
1745537523966:2
1745537533110:5
1745537536275:55
1745538082103:start
1745538083404:1
1745538084467:po
1745538101925:12
1745590941927:start
1745590943464:1
1745590945515:poe
1745590962470:1
1745590968562:jioe
1745591023198:start
1745591023583:1
1745591024956:joe
1745591483017:1
1745591484669:joe
1745591722070:start
1745591733524:1
1745591735373:joe
1745591826141:1
1745593021366:start
1745593024345:1
1745593025776:joe
1745593027940:1
1745593032869:y
1745593119132:start
1745593120081:1
1745593121616:joe
1745593123715:1
1745593126546:y
1745593264786:start
1745593265504:1
1745593271668:y
1745593510415:start
1745593511681:1
1745593515162:thamaniyah
1745593518299:1
1745593521111:??????
1745593524466:1
1745593528169:arab
1745593531146:1
1745593711904:start
1745593712629:1
1745593715369:joe
1745593717731:1
1745593721389:y
1745593892643:start
1745593894349:1
1745593897094:joe
1745593899523:1
1745593902984:y
1745595406433:start
1745595408063:1
1745595409204:joe
1745596001336:start
1745596002369:1
1745596005531:joe
1745596007702:1
1745596011418:y
